


          SolidWorks Corporation - STEP Processor Error Log
          ______________________________________________________

                       STEP Post Processor
                       ___________________


STEP File Name: D:\Ultimaker2-diy\arduino-mega-ramps-1-4-1.snapshot.1\ARDUINO MEGA + RAMPS 1.4\hop dien.stp



Error: Тип элемента не поддерживается
STEP-ввод не завершен успешно.

Error: Тип элемента не поддерживается
STEP-ввод не завершен успешно.

Error: Тип элемента не поддерживается
STEP-ввод не завершен успешно.

Error: Тип элемента не поддерживается
STEP-ввод не завершен успешно.

Error: Тип элемента не поддерживается
STEP-ввод не завершен успешно.

Error: Тип элемента не поддерживается
STEP-ввод не завершен успешно.

Error: Тип элемента не поддерживается
STEP-ввод не завершен успешно.

Error: Тип элемента не поддерживается
STEP-ввод не завершен успешно.

Error: Тип элемента не поддерживается
STEP-ввод не завершен успешно.

Error: Тип элемента не поддерживается
STEP-ввод не завершен успешно.

Error: Тип элемента не поддерживается
STEP-ввод не завершен успешно.

Error: Тип элемента не поддерживается
STEP-ввод не завершен успешно.

Error: Тип элемента не поддерживается
STEP-ввод не завершен успешно.

Error: Тип элемента не поддерживается
STEP-ввод не завершен успешно.

Error: Тип элемента не поддерживается
STEP-ввод не завершен успешно.

Error: Тип элемента не поддерживается
STEP-ввод не завершен успешно.

Error: Тип элемента не поддерживается
STEP-ввод не завершен успешно.

Error: Тип элемента не поддерживается
STEP-ввод не завершен успешно.

Error: Тип элемента не поддерживается
STEP-ввод не завершен успешно.

Error: Тип элемента не поддерживается
STEP-ввод не завершен успешно.

Error: Тип элемента не поддерживается
STEP-ввод не завершен успешно.

Error: Тип элемента не поддерживается
STEP-ввод не завершен успешно.

Error: Тип элемента не поддерживается
STEP-ввод не завершен успешно.

Error: Тип элемента не поддерживается
STEP-ввод не завершен успешно.

Error: Тип элемента не поддерживается
STEP-ввод не завершен успешно.

Error: Тип элемента не поддерживается
STEP-ввод не завершен успешно.

Error: Тип элемента не поддерживается
STEP-ввод не завершен успешно.

Error: Тип элемента не поддерживается
STEP-ввод не завершен успешно.

Error: Тип элемента не поддерживается
STEP-ввод не завершен успешно.

Error: Тип элемента не поддерживается
STEP-ввод не завершен успешно.

Error: Тип элемента не поддерживается
STEP-ввод не завершен успешно.

Error: Тип элемента не поддерживается
STEP-ввод не завершен успешно.

Error: Тип элемента не поддерживается
STEP-ввод не завершен успешно.

Error: Тип элемента не поддерживается
STEP-ввод не завершен успешно.

Error: Тип элемента не поддерживается
STEP-ввод не завершен успешно.

Error: Тип элемента не поддерживается
STEP-ввод не завершен успешно.

Error: Тип элемента не поддерживается
STEP-ввод не завершен успешно.

Error: Тип элемента не поддерживается
STEP-ввод не завершен успешно.

Error: Тип элемента не поддерживается
STEP-ввод не завершен успешно.

Error: Тип элемента не поддерживается
STEP-ввод не завершен успешно.

Error: Тип элемента не поддерживается
STEP-ввод не завершен успешно.

Error: Тип элемента не поддерживается
STEP-ввод не завершен успешно.

Error: Тип элемента не поддерживается
STEP-ввод не завершен успешно.

Error: Тип элемента не поддерживается
STEP-ввод не завершен успешно.

Error: Тип элемента не поддерживается
STEP-ввод не завершен успешно.

Error: Тип элемента не поддерживается
STEP-ввод не завершен успешно.

Error: Тип элемента не поддерживается
STEP-ввод не завершен успешно.

Error: Тип элемента не поддерживается
STEP-ввод не завершен успешно.

Error: Тип элемента не поддерживается
STEP-ввод не завершен успешно.

Error: Тип элемента не поддерживается
STEP-ввод не завершен успешно.

Error: Тип элемента не поддерживается
STEP-ввод не завершен успешно.

Error: Тип элемента не поддерживается
STEP-ввод не завершен успешно.

Error: Тип элемента не поддерживается
STEP-ввод не завершен успешно.

Error: Тип элемента не поддерживается
STEP-ввод не завершен успешно.

Error: Тип элемента не поддерживается
STEP-ввод не завершен успешно.

Error: Тип элемента не поддерживается
STEP-ввод не завершен успешно.

Error: Тип элемента не поддерживается
STEP-ввод не завершен успешно.

Error: Тип элемента не поддерживается
STEP-ввод не завершен успешно.

Error: Тип элемента не поддерживается
STEP-ввод не завершен успешно.

Error: Тип элемента не поддерживается
STEP-ввод не завершен успешно.

Error: Тип элемента не поддерживается
STEP-ввод не завершен успешно.

Error: Тип элемента не поддерживается
STEP-ввод не завершен успешно.

Error: Тип элемента не поддерживается
STEP-ввод не завершен успешно.

Error: Тип элемента не поддерживается
STEP-ввод не завершен успешно.

Error: Тип элемента не поддерживается
STEP-ввод не завершен успешно.

Error: Тип элемента не поддерживается
STEP-ввод не завершен успешно.

Error: Тип элемента не поддерживается
STEP-ввод не завершен успешно.

Error: Тип элемента не поддерживается
STEP-ввод не завершен успешно.

Error: Тип элемента не поддерживается
STEP-ввод не завершен успешно.

Error: Тип элемента не поддерживается
STEP-ввод не завершен успешно.

Error: Тип элемента не поддерживается
STEP-ввод не завершен успешно.

Error: Тип элемента не поддерживается
STEP-ввод не завершен успешно.

Error: Тип элемента не поддерживается
STEP-ввод не завершен успешно.

Error: Тип элемента не поддерживается
STEP-ввод не завершен успешно.

Error: Тип элемента не поддерживается
STEP-ввод не завершен успешно.

Error: Тип элемента не поддерживается
STEP-ввод не завершен успешно.

Error: Тип элемента не поддерживается
STEP-ввод не завершен успешно.

Error: Тип элемента не поддерживается
STEP-ввод не завершен успешно.

Error: Тип элемента не поддерживается
STEP-ввод не завершен успешно.

Error: Тип элемента не поддерживается
STEP-ввод не завершен успешно.

Error: Недопустимый файл STEP
STEP-ввод не завершен успешно.
Поверхности были успешно преобразованы в твердое тело.
STEP-ввод завершен.Поверхности были успешно преобразованы в твердое тело.
STEP-ввод завершен.Поверхности были успешно преобразованы в твердое тело.
STEP-ввод завершен.Поверхности были успешно преобразованы в твердое тело.
STEP-ввод завершен.Поверхности были успешно преобразованы в твердое тело.
STEP-ввод завершен.Поверхности были успешно преобразованы в твердое тело.
STEP-ввод завершен.Поверхности были успешно преобразованы в твердое тело.
STEP-ввод завершен.Поверхности были успешно преобразованы в твердое тело.
STEP-ввод завершен.Поверхности были успешно преобразованы в твердое тело.
STEP-ввод завершен.Поверхности были успешно преобразованы в твердое тело.
STEP-ввод завершен.Поверхности были успешно преобразованы в твердое тело.
STEP-ввод завершен.Поверхности были успешно преобразованы в твердое тело.
STEP-ввод завершен.Поверхности были успешно преобразованы в твердое тело.
STEP-ввод завершен.Поверхности были успешно преобразованы в твердое тело.
STEP-ввод завершен.Поверхности были успешно преобразованы в твердое тело.
STEP-ввод завершен.Поверхности были успешно преобразованы в твердое тело.
STEP-ввод завершен.Поверхности были успешно преобразованы в твердое тело.
STEP-ввод завершен.Поверхности были успешно преобразованы в твердое тело.
STEP-ввод завершен.Поверхности были успешно преобразованы в твердое тело.
STEP-ввод завершен.Поверхности были успешно преобразованы в твердое тело.
STEP-ввод завершен.Поверхности были успешно преобразованы в твердое тело.
STEP-ввод завершен.Поверхности были успешно преобразованы в твердое тело.
STEP-ввод завершен.Поверхности были успешно преобразованы в твердое тело.
STEP-ввод завершен.Поверхности были успешно преобразованы в твердое тело.
STEP-ввод завершен.Поверхности были успешно преобразованы в твердое тело.
STEP-ввод завершен.Missing Edge CurveMissing Edge CurveXLTR: Circuit sanity failure
ВНИМАНИЕ: Surface problem...Петли кривых содержат несовместимые направления.
XLTR: Circuit sanity failure
ВНИМАНИЕ: Surface problem...Петли кривых содержат несовместимые направления.
Поверхности были успешно преобразованы в твердое тело.
STEP-ввод завершен.
Error: Не удалось создать твердое тело из триммированных поверхностей.
STEP-ввод не завершен успешно.
Поверхности были успешно преобразованы в твердое тело.
STEP-ввод завершен.Поверхности были успешно преобразованы в твердое тело.
STEP-ввод завершен.Поверхности были успешно преобразованы в твердое тело.
STEP-ввод завершен.Поверхности были успешно преобразованы в твердое тело.
STEP-ввод завершен.Поверхности были успешно преобразованы в твердое тело.
STEP-ввод завершен.Поверхности были успешно преобразованы в твердое тело.
STEP-ввод завершен.Поверхности были успешно преобразованы в твердое тело.
STEP-ввод завершен.Поверхности были успешно преобразованы в твердое тело.
STEP-ввод завершен.Поверхности были успешно преобразованы в твердое тело.
STEP-ввод завершен.Поверхности были успешно преобразованы в твердое тело.
STEP-ввод завершен.Поверхности были успешно преобразованы в твердое тело.
STEP-ввод завершен.Поверхности были успешно преобразованы в твердое тело.
STEP-ввод завершен.Поверхности были успешно преобразованы в твердое тело.
STEP-ввод завершен.Поверхности были успешно преобразованы в твердое тело.
STEP-ввод завершен.Поверхности были успешно преобразованы в твердое тело.
STEP-ввод завершен.Поверхности были успешно преобразованы в твердое тело.
STEP-ввод завершен.