


          SolidWorks Corporation - STEP Processor Error Log
          ______________________________________________________

                       STEP Post Processor
                       ___________________


STEP File Name: D:\Ultimaker2-diy\sd-card-module-2\SD_CARD.stp


ѕоверхности были успешно преобразованы в твердое тело.
STEP-ввод завершен.ѕоверхности были успешно преобразованы в твердое тело.
STEP-ввод завершен.ѕоверхности были успешно преобразованы в твердое тело.
STEP-ввод завершен.ѕоверхности были успешно преобразованы в твердое тело.
STEP-ввод завершен.ѕоверхности были успешно преобразованы в твердое тело.
STEP-ввод завершен.ѕоверхности были успешно преобразованы в твердое тело.
STEP-ввод завершен.ѕоверхности были успешно преобразованы в твердое тело.
STEP-ввод завершен.ѕоверхности были успешно преобразованы в твердое тело.
STEP-ввод завершен.ѕоверхности были успешно преобразованы в твердое тело.
STEP-ввод завершен.ѕоверхности были успешно преобразованы в твердое тело.
STEP-ввод завершен.ѕоверхности были успешно преобразованы в твердое тело.
STEP-ввод завершен.ѕоверхности были успешно преобразованы в твердое тело.
STEP-ввод завершен.ѕоверхности были успешно преобразованы в твердое тело.
STEP-ввод завершен.ѕоверхности были успешно преобразованы в твердое тело.
STEP-ввод завершен.ѕоверхности были успешно преобразованы в твердое тело.
STEP-ввод завершен.ѕоверхности были успешно преобразованы в твердое тело.
STEP-ввод завершен.ѕоверхности были успешно преобразованы в твердое тело.
STEP-ввод завершен.ѕоверхности были успешно преобразованы в твердое тело.
STEP-ввод завершен.
Error: Ќе удалось создать твердое тело из триммированных поверхностей.
STEP-ввод не завершен успешно.
